{"level":"info","message":{"env":"development","event":"server_started","ip":"system","port":5000,"timestamp":"2026-06-05T16:17:38.958Z","userId":"anonymous"},"timestamp":"2026-06-05 22:02:38"}
{"level":"info","message":{"env":"development","event":"server_started","ip":"system","port":5002,"timestamp":"2026-06-05T16:19:29.299Z","userId":"anonymous"},"timestamp":"2026-06-05 22:04:29"}
{"level":"info","message":{"env":"development","event":"server_started","ip":"system","port":5002,"timestamp":"2026-06-05T16:19:51.332Z","userId":"anonymous"},"timestamp":"2026-06-05 22:04:51"}
{"level":"info","message":{"env":"development","event":"server_started","ip":"system","port":5000,"timestamp":"2026-06-05T16:20:54.503Z","userId":"anonymous"},"timestamp":"2026-06-05 22:05:54"}
{"level":"info","message":{"env":"development","event":"server_started","ip":"system","port":5000,"timestamp":"2026-06-05T16:24:03.876Z","userId":"anonymous"},"timestamp":"2026-06-05 22:09:03"}
{"level":"info","message":{"env":"development","event":"server_started","ip":"system","port":5000,"timestamp":"2026-06-05T16:24:49.362Z","userId":"anonymous"},"timestamp":"2026-06-05 22:09:49"}
{"level":"info","message":{"env":"development","event":"server_started","ip":"system","port":5000,"timestamp":"2026-06-05T16:30:17.103Z","userId":"anonymous"},"timestamp":"2026-06-05 22:15:17"}
{"level":"info","message":{"email":"user@example.com","event":"user_registered","ip":"::1","timestamp":"2026-06-05T16:31:01.190Z","userId":"6a22f9c45a71e40b495a3294","username":"student123"},"timestamp":"2026-06-05 22:16:01"}
{"level":"info","message":{"email":"user@exafmple.com","event":"user_registered","ip":"::1","timestamp":"2026-06-05T16:35:18.219Z","userId":"6a22fac55a71e40b495a329c","username":"studnt123"},"timestamp":"2026-06-05 22:20:18"}
{"level":"info","message":{"email":"rezen.khadgi@gmail.com","event":"user_registered","ip":"::1","timestamp":"2026-06-05T16:38:49.277Z","userId":"6a22fb985a71e40b495a32a1","username":"steudnt123"},"timestamp":"2026-06-05 22:23:49"}
{"level":"info","message":{"email":"rezen.khadgi@gmail.com","event":"user_registered","ip":"::1","timestamp":"2026-06-05T16:51:00.867Z","userId":"6a22fe745a71e40b495a32a6","username":"steudnt123"},"timestamp":"2026-06-05 22:36:00"}
{"level":"info","message":{"email":"rezen.khadgi@gmail.com","event":"user_registered","ip":"::1","timestamp":"2026-06-05T16:52:00.492Z","userId":"6a22feb05a71e40b495a32ab","username":"steudnt1e23"},"timestamp":"2026-06-05 22:37:00"}
{"level":"info","message":{"env":"development","event":"server_started","ip":"system","port":5000,"timestamp":"2026-06-05T16:54:39.959Z","userId":"anonymous"},"timestamp":"2026-06-05 22:39:39"}
{"level":"info","message":{"email":"rezen.khadgi@gmail.com","event":"user_registered","ip":"::1","timestamp":"2026-06-05T16:55:16.886Z","userId":"6a22ff740c6b5f48a9b681a4","username":"steudnt1e23"},"timestamp":"2026-06-05 22:40:16"}
{"level":"info","message":{"env":"development","event":"server_started","ip":"system","port":5000,"timestamp":"2026-06-05T16:57:42.778Z","userId":"anonymous"},"timestamp":"2026-06-05 22:42:44"}
{"level":"info","message":{"env":"development","event":"server_started","ip":"system","port":5000,"timestamp":"2026-06-05T16:58:40.724Z","userId":"anonymous"},"timestamp":"2026-06-05 22:43:40"}
{"level":"info","message":{"email":"rezen.khadgi@gmail.com","event":"user_registered","ip":"::1","timestamp":"2026-06-05T16:59:04.689Z","userId":"6a230054559b4f15c29cf722","username":"steudnt1e23"},"timestamp":"2026-06-05 22:44:04"}
{"level":"info","message":{"email":"rezen.khadgi@gmail.com","event":"email_verified","ip":"::1","timestamp":"2026-06-05T16:59:57.408Z","userId":"6a230054559b4f15c29cf722"},"timestamp":"2026-06-05 22:44:57"}
{"level":"info","message":{"env":"development","event":"server_started","ip":"system","port":5000,"timestamp":"2026-06-05T17:00:54.873Z","userId":"anonymous"},"timestamp":"2026-06-05 22:45:54"}
{"level":"info","message":{"env":"development","event":"server_started","ip":"system","port":5000,"timestamp":"2026-06-05T17:05:24.198Z","userId":"anonymous"},"timestamp":"2026-06-05 22:50:24"}
{"level":"info","message":{"env":"development","event":"server_started","ip":"system","port":5000,"timestamp":"2026-06-05T17:05:37.363Z","userId":"anonymous"},"timestamp":"2026-06-05 22:50:37"}
{"level":"info","message":{"env":"development","event":"server_started","ip":"system","port":5000,"timestamp":"2026-06-05T17:05:51.925Z","userId":"anonymous"},"timestamp":"2026-06-05 22:50:51"}
{"level":"info","message":{"env":"development","event":"server_started","ip":"system","port":5000,"timestamp":"2026-06-05T17:05:57.287Z","userId":"anonymous"},"timestamp":"2026-06-05 22:50:57"}
{"level":"info","message":{"env":"development","event":"server_started","ip":"system","port":5000,"timestamp":"2026-06-05T17:06:07.266Z","userId":"anonymous"},"timestamp":"2026-06-05 22:51:07"}
{"level":"info","message":{"env":"development","event":"server_started","ip":"system","port":5000,"timestamp":"2026-06-05T17:06:47.186Z","userId":"anonymous"},"timestamp":"2026-06-05 22:51:47"}
{"level":"info","message":{"env":"development","event":"server_started","ip":"system","port":5000,"timestamp":"2026-06-05T17:06:53.604Z","userId":"anonymous"},"timestamp":"2026-06-05 22:51:53"}
{"level":"info","message":{"env":"development","event":"server_started","ip":"system","port":5000,"timestamp":"2026-06-05T17:06:59.895Z","userId":"anonymous"},"timestamp":"2026-06-05 22:51:59"}
{"level":"info","message":{"env":"development","event":"server_started","ip":"system","port":5000,"timestamp":"2026-06-05T17:07:07.710Z","userId":"anonymous"},"timestamp":"2026-06-05 22:52:07"}
{"level":"info","message":{"env":"development","event":"server_started","ip":"system","port":5000,"timestamp":"2026-06-05T17:07:12.256Z","userId":"anonymous"},"timestamp":"2026-06-05 22:52:12"}
{"level":"info","message":{"env":"development","event":"server_started","ip":"system","port":5000,"timestamp":"2026-06-05T17:07:27.892Z","userId":"anonymous"},"timestamp":"2026-06-05 22:52:27"}
{"level":"info","message":{"env":"development","event":"server_started","ip":"system","port":5000,"timestamp":"2026-06-05T17:07:46.470Z","userId":"anonymous"},"timestamp":"2026-06-05 22:52:46"}
{"level":"info","message":{"env":"development","event":"server_started","ip":"system","port":5000,"timestamp":"2026-06-05T17:07:51.278Z","userId":"anonymous"},"timestamp":"2026-06-05 22:52:51"}
{"level":"info","message":{"env":"development","event":"server_started","ip":"system","port":5000,"timestamp":"2026-06-05T17:08:00.079Z","userId":"anonymous"},"timestamp":"2026-06-05 22:53:00"}
{"level":"info","message":{"env":"development","event":"server_started","ip":"system","port":5000,"timestamp":"2026-06-05T17:08:27.889Z","userId":"anonymous"},"timestamp":"2026-06-05 22:53:27"}
{"level":"info","message":{"env":"development","event":"server_started","ip":"system","port":5000,"timestamp":"2026-06-05T17:08:49.648Z","userId":"anonymous"},"timestamp":"2026-06-05 22:53:49"}
{"level":"info","message":{"env":"development","event":"server_started","ip":"system","port":5000,"timestamp":"2026-06-05T17:09:32.173Z","userId":"anonymous"},"timestamp":"2026-06-05 22:54:32"}
{"level":"info","message":{"env":"development","event":"server_started","ip":"system","port":5000,"timestamp":"2026-06-05T17:09:37.772Z","userId":"anonymous"},"timestamp":"2026-06-05 22:54:37"}
{"level":"info","message":{"env":"development","event":"server_started","ip":"system","port":5000,"timestamp":"2026-06-05T17:09:57.552Z","userId":"anonymous"},"timestamp":"2026-06-05 22:54:57"}
{"level":"info","message":{"env":"development","event":"server_started","ip":"system","port":5000,"timestamp":"2026-06-05T17:10:11.173Z","userId":"anonymous"},"timestamp":"2026-06-05 22:55:11"}
{"level":"info","message":{"env":"development","event":"server_started","ip":"system","port":5000,"timestamp":"2026-06-05T17:10:31.838Z","userId":"anonymous"},"timestamp":"2026-06-05 22:55:31"}
{"level":"info","message":{"env":"development","event":"server_started","ip":"system","port":5000,"timestamp":"2026-06-05T17:10:38.004Z","userId":"anonymous"},"timestamp":"2026-06-05 22:55:38"}
{"level":"info","message":{"env":"development","event":"server_started","ip":"system","port":5000,"timestamp":"2026-06-05T17:10:51.279Z","userId":"anonymous"},"timestamp":"2026-06-05 22:55:51"}
{"level":"info","message":{"env":"development","event":"server_started","ip":"system","port":5000,"timestamp":"2026-06-05T17:11:04.343Z","userId":"anonymous"},"timestamp":"2026-06-05 22:56:04"}
{"level":"info","message":{"env":"development","event":"server_started","ip":"system","port":5000,"timestamp":"2026-06-05T17:11:26.538Z","userId":"anonymous"},"timestamp":"2026-06-05 22:56:26"}
{"level":"info","message":{"env":"development","event":"server_started","ip":"system","port":5000,"timestamp":"2026-06-05T17:11:40.725Z","userId":"anonymous"},"timestamp":"2026-06-05 22:56:40"}
{"level":"info","message":{"env":"development","event":"server_started","ip":"system","port":5000,"timestamp":"2026-06-05T17:12:13.832Z","userId":"anonymous"},"timestamp":"2026-06-05 22:57:13"}
{"level":"info","message":{"env":"development","event":"server_started","ip":"system","port":5000,"timestamp":"2026-06-05T17:13:40.013Z","userId":"anonymous"},"timestamp":"2026-06-05 22:58:40"}
{"level":"info","message":{"email":"rezen.khadgi@gmail.com","event":"user_registered","ip":"::1","timestamp":"2026-06-05T17:14:48.522Z","userId":"6a23040317f5f7d60eed80a8","username":"Rezen"},"timestamp":"2026-06-05 22:59:48"}
{"level":"info","message":{"env":"development","event":"server_started","ip":"system","port":5000,"timestamp":"2026-06-05T17:15:42.978Z","userId":"anonymous"},"timestamp":"2026-06-05 23:00:42"}
