{"level":"info","message":{"email":"rezen.khadgi@gmail.com","event":"email_verified","ip":"::1","timestamp":"2026-06-05T19:12:02.971Z","userId":"6a23046f00cac77e01681ddc"},"timestamp":"2026-06-06 00:57:02"}
{"level":"info","message":{"email":"rezen.khadgi@gmail.com","event":"login_failed","failedAttempts":1,"ip":"::1","timestamp":"2026-06-05T19:12:14.133Z","userId":"6a23046f00cac77e01681ddc"},"timestamp":"2026-06-06 00:57:14"}
{"level":"info","message":{"email":"rezen.khadgi@gmail.com","event":"user_registered","ip":"::1","timestamp":"2026-06-05T19:13:19.996Z","userId":"6a231fca00cac77e01681de7","username":"Rezen"},"timestamp":"2026-06-06 00:58:19"}
{"level":"info","message":{"email":"rezen.khadgi@gmail.com","event":"email_verified","ip":"::1","timestamp":"2026-06-05T19:13:38.467Z","userId":"6a231fca00cac77e01681de7"},"timestamp":"2026-06-06 00:58:38"}
{"level":"info","message":{"env":"development","event":"server_started","ip":"system","port":5000,"timestamp":"2026-06-05T19:14:15.749Z","userId":"anonymous"},"timestamp":"2026-06-06 00:59:15"}
{"level":"info","message":{"env":"development","event":"server_started","ip":"system","port":5000,"timestamp":"2026-06-05T19:16:04.905Z","userId":"anonymous"},"timestamp":"2026-06-06 01:01:04"}
{"level":"info","message":{"env":"development","event":"server_started","ip":"system","port":5000,"timestamp":"2026-06-05T19:16:37.568Z","userId":"anonymous"},"timestamp":"2026-06-06 01:01:37"}
{"level":"info","message":{"email":"rezen.khadgi@gmail.com","event":"login_success","ip":"::1","role":"user","timestamp":"2026-06-05T19:17:00.427Z","userId":"6a231fca00cac77e01681de7"},"timestamp":"2026-06-06 01:02:00"}
{"level":"info","message":{"email":"j8233310@gmail.com","event":"user_registered","ip":"::1","timestamp":"2026-06-05T19:19:15.604Z","userId":"6a23212fae2f80b350d4683b","username":"Jadien"},"timestamp":"2026-06-06 01:04:15"}
{"level":"info","message":{"email":"j8233310@gmail.com","event":"email_verified","ip":"::1","timestamp":"2026-06-05T19:19:34.222Z","userId":"6a23212fae2f80b350d4683b"},"timestamp":"2026-06-06 01:04:34"}
{"level":"info","message":{"email":"j8233310@gmail.com","event":"login_success","ip":"::1","role":"user","timestamp":"2026-06-05T19:20:18.106Z","userId":"6a23212fae2f80b350d4683b"},"timestamp":"2026-06-06 01:05:18"}
{"level":"info","message":{"event":"logout","ip":"::1","timestamp":"2026-06-05T19:27:29.878Z","userAgent":"PostmanRuntime/7.51.1","userId":"6a23212fae2f80b350d4683b"},"timestamp":"2026-06-06 01:12:29"}
{"level":"info","message":{"email":"rezen.khadgi@gmail.com","event":"password_reset_requested","ip":"::1","timestamp":"2026-06-05T19:29:42.571Z","userId":"6a231fca00cac77e01681de7"},"timestamp":"2026-06-06 01:14:42"}
{"level":"info","message":{"env":"development","event":"server_started","ip":"system","port":5000,"timestamp":"2026-06-05T19:34:16.290Z","userId":"anonymous"},"timestamp":"2026-06-06 01:19:16"}
{"level":"info","message":{"env":"development","event":"server_started","ip":"system","port":5000,"timestamp":"2026-06-05T19:34:31.871Z","userId":"anonymous"},"timestamp":"2026-06-06 01:19:31"}
{"level":"info","message":{"email":"rezen.khadgi@gmail.com","event":"password_reset","ip":"::1","timestamp":"2026-06-05T19:34:47.415Z","userId":"6a231fca00cac77e01681de7"},"timestamp":"2026-06-06 01:19:47"}
{"level":"info","message":{"env":"development","event":"server_started","ip":"system","port":5000,"timestamp":"2026-06-05T19:36:58.205Z","userId":"anonymous"},"timestamp":"2026-06-06 01:21:58"}
{"level":"info","message":{"env":"development","event":"server_started","ip":"system","port":5000,"timestamp":"2026-06-06T08:21:21.229Z","userId":"anonymous"},"timestamp":"2026-06-06 14:06:21"}
{"level":"info","message":{"email":"j8233310@gmail.com","event":"login_success","ip":"::1","role":"user","timestamp":"2026-06-06T08:21:41.187Z","userId":"6a23212fae2f80b350d4683b"},"timestamp":"2026-06-06 14:06:41"}
{"level":"info","message":{"email":"j8233310@gmail.com","event":"password_reset_requested","ip":"::1","timestamp":"2026-06-06T08:23:03.161Z","userId":"6a23212fae2f80b350d4683b"},"timestamp":"2026-06-06 14:08:03"}
{"level":"info","message":{"email":"j8233310@gmail.com","event":"password_reset","ip":"::1","timestamp":"2026-06-06T08:25:56.033Z","userId":"6a23212fae2f80b350d4683b"},"timestamp":"2026-06-06 14:10:56"}
{"level":"info","message":{"email":"j8233310@gmail.com","event":"login_success","ip":"::1","role":"user","timestamp":"2026-06-06T08:26:21.355Z","userId":"6a23212fae2f80b350d4683b"},"timestamp":"2026-06-06 14:11:21"}
{"level":"info","message":{"event":"logout","ip":"::1","timestamp":"2026-06-06T08:26:53.360Z","userAgent":"PostmanRuntime/7.51.1","userId":"6a23212fae2f80b350d4683b"},"timestamp":"2026-06-06 14:11:53"}
{"level":"info","message":{"email":"j8233310@gmail.com","event":"login_success","ip":"::1","role":"user","timestamp":"2026-06-06T08:27:03.595Z","userId":"6a23212fae2f80b350d4683b"},"timestamp":"2026-06-06 14:12:03"}
{"level":"info","message":{"email":"j8233310@gmail.com","event":"login_failed","failedAttempts":1,"ip":"::1","timestamp":"2026-06-06T08:35:56.016Z","userId":"6a23212fae2f80b350d4683b"},"timestamp":"2026-06-06 14:20:56"}
{"level":"info","message":{"email":"j8233310@gmail.com","event":"login_failed","failedAttempts":2,"ip":"::1","timestamp":"2026-06-06T08:35:59.658Z","userId":"6a23212fae2f80b350d4683b"},"timestamp":"2026-06-06 14:20:59"}
{"level":"info","message":{"email":"rezen.khadgi@gmail.com","event":"login_success","ip":"::1","role":"user","timestamp":"2026-06-06T08:38:10.108Z","userId":"6a231fca00cac77e01681de7"},"timestamp":"2026-06-06 14:23:10"}
{"level":"info","message":{"email":"rezen.khadgi@gmail.com","event":"mfa_enabled","ip":"::1","timestamp":"2026-06-06T08:40:10.739Z","userId":"6a231fca00cac77e01681de7"},"timestamp":"2026-06-06 14:25:10"}
{"level":"info","message":{"event":"profile_updated","ip":"::1","timestamp":"2026-06-06T08:47:01.749Z","updatedFields":[],"userId":"6a231fca00cac77e01681de7"},"timestamp":"2026-06-06 14:32:01"}
{"level":"info","message":{"event":"profile_updated","ip":"::1","timestamp":"2026-06-06T08:48:18.622Z","updatedFields":["firstName","lastName","bio","avatarUrl"],"userId":"6a231fca00cac77e01681de7"},"timestamp":"2026-06-06 14:33:18"}
{"level":"info","message":{"event":"profile_updated","ip":"::1","timestamp":"2026-06-06T08:48:30.560Z","updatedFields":[],"userId":"6a231fca00cac77e01681de7"},"timestamp":"2026-06-06 14:33:30"}
{"level":"info","message":{"event":"profile_updated","ip":"::1","timestamp":"2026-06-06T08:48:45.714Z","updatedFields":[],"userId":"6a231fca00cac77e01681de7"},"timestamp":"2026-06-06 14:33:45"}
{"level":"info","message":{"event":"profile_updated","ip":"::1","timestamp":"2026-06-06T08:48:50.427Z","updatedFields":[],"userId":"6a231fca00cac77e01681de7"},"timestamp":"2026-06-06 14:33:50"}
{"level":"info","message":{"event":"profile_updated","ip":"::1","timestamp":"2026-06-06T08:49:55.056Z","updatedFields":["firstName","lastName","bio","avatarUrl"],"userId":"6a231fca00cac77e01681de7"},"timestamp":"2026-06-06 14:34:55"}
{"level":"info","message":{"env":"development","event":"server_started","ip":"system","port":5000,"timestamp":"2026-06-06T08:51:15.354Z","userId":"anonymous"},"timestamp":"2026-06-06 14:36:15"}
{"level":"info","message":{"env":"development","event":"server_started","ip":"system","port":5000,"timestamp":"2026-06-06T08:51:37.166Z","userId":"anonymous"},"timestamp":"2026-06-06 14:36:37"}
{"level":"info","message":{"event":"profile_updated","ip":"::1","timestamp":"2026-06-06T08:51:42.360Z","updatedFields":["firstName","lastName","bio","avatarUrl"],"userId":"6a231fca00cac77e01681de7"},"timestamp":"2026-06-06 14:36:42"}
{"level":"info","message":{"env":"development","event":"server_started","ip":"system","port":5000,"timestamp":"2026-06-06T08:53:55.770Z","userId":"anonymous"},"timestamp":"2026-06-06 14:38:55"}
{"level":"info","message":{"env":"development","event":"server_started","ip":"system","port":5000,"timestamp":"2026-06-06T09:00:24.990Z","userId":"anonymous"},"timestamp":"2026-06-06 14:45:24"}
{"level":"info","message":{"env":"development","event":"server_started","ip":"system","port":5000,"timestamp":"2026-06-06T09:03:24.113Z","userId":"anonymous"},"timestamp":"2026-06-06 14:48:24"}
{"level":"info","message":{"email":"jakew93543@dosbee.com","event":"user_registered","ip":"::1","timestamp":"2026-06-06T09:05:51.134Z","userId":"6a23e2ea4241ecf1d59c8762","username":"Jawedien"},"timestamp":"2026-06-06 14:50:51"}
{"level":"info","message":{"email":"jakew93543@dosbee.com","event":"email_verified","ip":"::1","timestamp":"2026-06-06T09:06:44.735Z","userId":"6a23e2ea4241ecf1d59c8762"},"timestamp":"2026-06-06 14:51:44"}
{"level":"info","message":{"email":"jakew93543@dosbee.com","event":"login_success","ip":"::1","role":"user","timestamp":"2026-06-06T09:07:30.450Z","userId":"6a23e2ea4241ecf1d59c8762"},"timestamp":"2026-06-06 14:52:30"}
{"level":"info","message":{"email":"jakew93543@dosbee.com","event":"login_success","ip":"::1","role":"user","timestamp":"2026-06-06T09:07:31.759Z","userId":"6a23e2ea4241ecf1d59c8762"},"timestamp":"2026-06-06 14:52:31"}
{"level":"info","message":{"email":"jakew93543@dosbee.com","event":"login_success","ip":"::1","role":"user","timestamp":"2026-06-06T09:07:33.115Z","userId":"6a23e2ea4241ecf1d59c8762"},"timestamp":"2026-06-06 14:52:33"}
